<?xml version="1.0" encoding="UTF-8"?>
<coverage generated="1496671919">
  <project timestamp="1496671919">
    <package name="Linna">
      <file name="/home/sebastian/html/linna-array/src/intArray.php">
        <class name="intArray" namespace="Linna">
          <metrics complexity="4" methods="2" coveredmethods="2" conditionals="0" coveredconditionals="0" statements="8" coveredstatements="8" elements="10" coveredelements="10"/>
        </class>
        <line num="27" type="method" name="__construct" visibility="public" complexity="2" crap="2" count="16"/>
        <line num="31" type="stmt" count="16"/>
        <line num="32" type="stmt" count="7"/>
        <line num="36" type="stmt" count="9"/>
        <line num="37" type="stmt" count="9"/>
        <line num="47" type="method" name="offsetSet" visibility="public" complexity="2" crap="2" count="8"/>
        <line num="49" type="stmt" count="8"/>
        <line num="50" type="stmt" count="1"/>
        <line num="51" type="stmt" count="1"/>
        <line num="54" type="stmt" count="7"/>
        <metrics loc="56" ncloc="26" classes="1" methods="2" coveredmethods="2" conditionals="0" coveredconditionals="0" statements="8" coveredstatements="8" elements="10" coveredelements="10"/>
      </file>
    </package>
    <metrics files="1" loc="56" ncloc="26" classes="1" methods="2" coveredmethods="2" conditionals="0" coveredconditionals="0" statements="8" coveredstatements="8" elements="10" coveredelements="10"/>
  </project>
</coverage>
